[2026-03-06 14:44:21,095] INFO [ControllerEventThread controllerId=0] Starting (kafka.controller.ControllerEventManager$ControllerEventThread)
[2026-03-06 14:44:21,141] INFO [Controller id=0] 0 successfully elected as the controller. Epoch incremented to 1 and epoch zk version is now 1 (kafka.controller.KafkaController)
[2026-03-06 14:44:21,161] INFO [Controller id=0] Creating FeatureZNode at path: /feature with contents: FeatureZNode(2,Enabled,Map()) (kafka.controller.KafkaController)
[2026-03-06 14:44:21,369] INFO [Controller id=0] Registering handlers (kafka.controller.KafkaController)
[2026-03-06 14:44:21,378] INFO [Controller id=0] Deleting log dir event notifications (kafka.controller.KafkaController)
[2026-03-06 14:44:21,383] INFO [Controller id=0] Deleting isr change notifications (kafka.controller.KafkaController)
[2026-03-06 14:44:21,388] INFO [Controller id=0] Initializing controller context (kafka.controller.KafkaController)
[2026-03-06 14:44:21,412] INFO [Controller id=0] Initialized broker epochs cache: HashMap(0 -> 25) (kafka.controller.KafkaController)
[2026-03-06 14:44:21,421] DEBUG [Controller id=0] Register BrokerModifications handler for Set(0) (kafka.controller.KafkaController)
[2026-03-06 14:44:21,453] DEBUG [Channel manager on controller 0]: Controller 0 trying to connect to broker 0 (kafka.controller.ControllerChannelManager)
[2026-03-06 14:44:21,563] INFO [Controller id=0] Currently active brokers in the cluster: Set(0) (kafka.controller.KafkaController)
[2026-03-06 14:44:21,563] INFO [Controller id=0] Currently shutting brokers in the cluster: HashSet() (kafka.controller.KafkaController)
[2026-03-06 14:44:21,563] INFO [Controller id=0] Current list of topics in the cluster: HashSet() (kafka.controller.KafkaController)
[2026-03-06 14:44:21,564] INFO [Controller id=0] Fetching topic deletions in progress (kafka.controller.KafkaController)
[2026-03-06 14:44:21,569] INFO [Controller id=0] List of topics to be deleted:  (kafka.controller.KafkaController)
[2026-03-06 14:44:21,569] INFO [Controller id=0] List of topics ineligible for deletion:  (kafka.controller.KafkaController)
[2026-03-06 14:44:21,569] INFO [Controller id=0] Initializing topic deletion manager (kafka.controller.KafkaController)
[2026-03-06 14:44:21,570] INFO [Topic Deletion Manager 0] Initializing manager with initial deletions: Set(), initial ineligible deletions: HashSet() (kafka.controller.TopicDeletionManager)
[2026-03-06 14:44:21,571] INFO [Controller id=0] Sending update metadata request (kafka.controller.KafkaController)
[2026-03-06 14:44:21,588] INFO [ReplicaStateMachine controllerId=0] Initializing replica state (kafka.controller.ZkReplicaStateMachine)
[2026-03-06 14:44:21,589] INFO [ReplicaStateMachine controllerId=0] Triggering online replica state changes (kafka.controller.ZkReplicaStateMachine)
[2026-03-06 14:44:21,596] INFO [ReplicaStateMachine controllerId=0] Triggering offline replica state changes (kafka.controller.ZkReplicaStateMachine)
[2026-03-06 14:44:21,596] DEBUG [ReplicaStateMachine controllerId=0] Started replica state machine with initial state -> HashMap() (kafka.controller.ZkReplicaStateMachine)
[2026-03-06 14:44:21,597] INFO [PartitionStateMachine controllerId=0] Initializing partition state (kafka.controller.ZkPartitionStateMachine)
[2026-03-06 14:44:21,598] INFO [PartitionStateMachine controllerId=0] Triggering online partition state changes (kafka.controller.ZkPartitionStateMachine)
[2026-03-06 14:44:21,646] DEBUG [PartitionStateMachine controllerId=0] Started partition state machine with initial state -> HashMap() (kafka.controller.ZkPartitionStateMachine)
[2026-03-06 14:44:21,646] INFO [Controller id=0] Ready to serve as the new controller with epoch 1 (kafka.controller.KafkaController)
[2026-03-06 14:44:21,651] INFO [RequestSendThread controllerId=0] Starting (kafka.controller.RequestSendThread)
[2026-03-06 14:44:21,657] INFO [Controller id=0] Partitions undergoing preferred replica election:  (kafka.controller.KafkaController)
[2026-03-06 14:44:21,658] INFO [Controller id=0] Partitions that completed preferred replica election:  (kafka.controller.KafkaController)
[2026-03-06 14:44:21,658] INFO [Controller id=0] Skipping preferred replica election for partitions due to topic deletion:  (kafka.controller.KafkaController)
[2026-03-06 14:44:21,659] INFO [Controller id=0] Resuming preferred replica election for partitions:  (kafka.controller.KafkaController)
[2026-03-06 14:44:21,660] INFO [Controller id=0] Starting replica leader election (PREFERRED) for partitions  triggered by ZkTriggered (kafka.controller.KafkaController)
[2026-03-06 14:44:21,729] INFO [Controller id=0] Starting the controller scheduler (kafka.controller.KafkaController)
[2026-03-06 14:44:22,182] INFO [RequestSendThread controllerId=0] Controller 0 connected to mon:9092 (id: 0 rack: null) for sending state change requests (kafka.controller.RequestSendThread)
[2026-03-06 14:44:26,758] INFO [Controller id=0] Processing automatic preferred replica leader election (kafka.controller.KafkaController)
[2026-03-06 14:44:26,758] TRACE [Controller id=0] Checking need to trigger auto leader balancing (kafka.controller.KafkaController)
[2026-03-06 14:44:56,146] INFO [Controller id=0] New topics: [Set(ecommerce_orders)], deleted topics: [HashSet()], new partition replica assignment [Set(TopicIdReplicaAssignment(ecommerce_orders,Some(3LG8LU1cQXaUaU2gNGLibQ),Map(ecommerce_orders-0 -> ReplicaAssignment(replicas=0, addingReplicas=, removingReplicas=))))] (kafka.controller.KafkaController)
[2026-03-06 14:44:56,148] INFO [Controller id=0] New partition creation callback for ecommerce_orders-0 (kafka.controller.KafkaController)
[2026-03-06 14:49:26,771] INFO [Controller id=0] Processing automatic preferred replica leader election (kafka.controller.KafkaController)
[2026-03-06 14:49:26,772] TRACE [Controller id=0] Checking need to trigger auto leader balancing (kafka.controller.KafkaController)
[2026-03-06 14:49:26,779] DEBUG [Controller id=0] Topics not in preferred replica for broker 0 Map() (kafka.controller.KafkaController)
[2026-03-06 14:49:26,780] TRACE [Controller id=0] Leader imbalance ratio for broker 0 is 0.0 (kafka.controller.KafkaController)
[2026-03-06 14:54:26,787] INFO [Controller id=0] Processing automatic preferred replica leader election (kafka.controller.KafkaController)
[2026-03-06 14:54:26,788] TRACE [Controller id=0] Checking need to trigger auto leader balancing (kafka.controller.KafkaController)
[2026-03-06 14:54:26,788] DEBUG [Controller id=0] Topics not in preferred replica for broker 0 Map() (kafka.controller.KafkaController)
[2026-03-06 14:54:26,788] TRACE [Controller id=0] Leader imbalance ratio for broker 0 is 0.0 (kafka.controller.KafkaController)
[2026-03-06 14:59:26,796] INFO [Controller id=0] Processing automatic preferred replica leader election (kafka.controller.KafkaController)
[2026-03-06 14:59:26,797] TRACE [Controller id=0] Checking need to trigger auto leader balancing (kafka.controller.KafkaController)
[2026-03-06 14:59:26,798] DEBUG [Controller id=0] Topics not in preferred replica for broker 0 Map() (kafka.controller.KafkaController)
[2026-03-06 14:59:26,798] TRACE [Controller id=0] Leader imbalance ratio for broker 0 is 0.0 (kafka.controller.KafkaController)
[2026-03-06 15:04:26,821] INFO [Controller id=0] Processing automatic preferred replica leader election (kafka.controller.KafkaController)
[2026-03-06 15:04:26,847] TRACE [Controller id=0] Checking need to trigger auto leader balancing (kafka.controller.KafkaController)
[2026-03-06 15:04:26,854] DEBUG [Controller id=0] Topics not in preferred replica for broker 0 Map() (kafka.controller.KafkaController)
[2026-03-06 15:04:26,854] TRACE [Controller id=0] Leader imbalance ratio for broker 0 is 0.0 (kafka.controller.KafkaController)
