[2026-03-06 14:42:51,863] INFO Reading configuration from: K:\config\zookeeper.properties (org.apache.zookeeper.server.quorum.QuorumPeerConfig)
[2026-03-06 14:42:51,875] WARN \tmp\zookeeper is relative. Prepend .\ to indicate that you're sure! (org.apache.zookeeper.server.quorum.QuorumPeerConfig)
[2026-03-06 14:42:51,882] INFO clientPortAddress is 0.0.0.0:2181 (org.apache.zookeeper.server.quorum.QuorumPeerConfig)
[2026-03-06 14:42:51,882] INFO secureClientPort is not set (org.apache.zookeeper.server.quorum.QuorumPeerConfig)
[2026-03-06 14:42:51,883] INFO observerMasterPort is not set (org.apache.zookeeper.server.quorum.QuorumPeerConfig)
[2026-03-06 14:42:51,883] INFO metricsProvider.className is org.apache.zookeeper.metrics.impl.DefaultMetricsProvider (org.apache.zookeeper.server.quorum.QuorumPeerConfig)
[2026-03-06 14:42:51,888] INFO autopurge.snapRetainCount set to 3 (org.apache.zookeeper.server.DatadirCleanupManager)
[2026-03-06 14:42:51,888] INFO autopurge.purgeInterval set to 0 (org.apache.zookeeper.server.DatadirCleanupManager)
[2026-03-06 14:42:51,888] INFO Purge task is not scheduled. (org.apache.zookeeper.server.DatadirCleanupManager)
[2026-03-06 14:42:51,888] WARN Either no config or no quorum defined in config, running in standalone mode (org.apache.zookeeper.server.quorum.QuorumPeerMain)
[2026-03-06 14:42:51,891] INFO Log4j 1.2 jmx support not found; jmx disabled. (org.apache.zookeeper.jmx.ManagedUtil)
[2026-03-06 14:42:51,893] INFO Reading configuration from: K:\config\zookeeper.properties (org.apache.zookeeper.server.quorum.QuorumPeerConfig)
[2026-03-06 14:42:51,926] WARN \tmp\zookeeper is relative. Prepend .\ to indicate that you're sure! (org.apache.zookeeper.server.quorum.QuorumPeerConfig)
[2026-03-06 14:42:51,926] INFO clientPortAddress is 0.0.0.0:2181 (org.apache.zookeeper.server.quorum.QuorumPeerConfig)
[2026-03-06 14:42:51,926] INFO secureClientPort is not set (org.apache.zookeeper.server.quorum.QuorumPeerConfig)
[2026-03-06 14:42:51,926] INFO observerMasterPort is not set (org.apache.zookeeper.server.quorum.QuorumPeerConfig)
[2026-03-06 14:42:51,926] INFO metricsProvider.className is org.apache.zookeeper.metrics.impl.DefaultMetricsProvider (org.apache.zookeeper.server.quorum.QuorumPeerConfig)
[2026-03-06 14:42:51,927] INFO Starting server (org.apache.zookeeper.server.ZooKeeperServerMain)
[2026-03-06 14:42:51,952] INFO ServerMetrics initialized with provider org.apache.zookeeper.metrics.impl.DefaultMetricsProvider@31d7b7bf (org.apache.zookeeper.server.ServerMetrics)
[2026-03-06 14:42:51,958] INFO ACL digest algorithm is: SHA1 (org.apache.zookeeper.server.auth.DigestAuthenticationProvider)
[2026-03-06 14:42:51,958] INFO zookeeper.DigestAuthenticationProvider.enabled = true (org.apache.zookeeper.server.auth.DigestAuthenticationProvider)
[2026-03-06 14:42:51,979] INFO zookeeper.snapshot.trust.empty : false (org.apache.zookeeper.server.persistence.FileTxnSnapLog)
[2026-03-06 14:42:52,027] INFO  (org.apache.zookeeper.server.ZooKeeperServer)
[2026-03-06 14:42:52,027] INFO   ______                  _                                           (org.apache.zookeeper.server.ZooKeeperServer)
[2026-03-06 14:42:52,027] INFO  |___  /                 | |                                          (org.apache.zookeeper.server.ZooKeeperServer)
[2026-03-06 14:42:52,027] INFO     / /    ___     ___   | | __   ___    ___   _ __     ___   _ __    (org.apache.zookeeper.server.ZooKeeperServer)
[2026-03-06 14:42:52,027] INFO    / /    / _ \   / _ \  | |/ /  / _ \  / _ \ | '_ \   / _ \ | '__| (org.apache.zookeeper.server.ZooKeeperServer)
[2026-03-06 14:42:52,027] INFO   / /__  | (_) | | (_) | |   <  |  __/ |  __/ | |_) | |  __/ | |     (org.apache.zookeeper.server.ZooKeeperServer)
[2026-03-06 14:42:52,027] INFO  /_____|  \___/   \___/  |_|\_\  \___|  \___| | .__/   \___| |_| (org.apache.zookeeper.server.ZooKeeperServer)
[2026-03-06 14:42:52,027] INFO                                               | |                      (org.apache.zookeeper.server.ZooKeeperServer)
[2026-03-06 14:42:52,027] INFO                                               |_|                      (org.apache.zookeeper.server.ZooKeeperServer)
[2026-03-06 14:42:52,027] INFO  (org.apache.zookeeper.server.ZooKeeperServer)
[2026-03-06 14:42:52,033] INFO Server environment:zookeeper.version=3.8.3-6ad6d364c7c0bcf0de452d54ebefa3058098ab56, built on 2023-10-05 10:34 UTC (org.apache.zookeeper.server.ZooKeeperServer)
[2026-03-06 14:42:52,033] INFO Server environment:host.name=mon (org.apache.zookeeper.server.ZooKeeperServer)
[2026-03-06 14:42:52,034] INFO Server environment:java.version=1.8.0_481 (org.apache.zookeeper.server.ZooKeeperServer)
[2026-03-06 14:42:52,034] INFO Server environment:java.vendor=Oracle Corporation (org.apache.zookeeper.server.ZooKeeperServer)
[2026-03-06 14:42:52,034] INFO Server environment:java.home=C:\Program Files\Java\jre1.8.0_481 (org.apache.zookeeper.server.ZooKeeperServer)
[2026-03-06 14:42:52,034] INFO Server environment:java.class.path=K:\\libs\activation-1.1.1.jar;K:\\libs\aopalliance-repackaged-2.6.1.jar;K:\\libs\argparse4j-0.7.0.jar;K:\\libs\audience-annotations-0.12.0.jar;K:\\libs\caffeine-2.9.3.jar;K:\\libs\checker-qual-3.19.0.jar;K:\\libs\commons-beanutils-1.9.4.jar;K:\\libs\commons-cli-1.4.jar;K:\\libs\commons-collections-3.2.2.jar;K:\\libs\commons-digester-2.1.jar;K:\\libs\commons-io-2.11.0.jar;K:\\libs\commons-lang3-3.8.1.jar;K:\\libs\commons-logging-1.2.jar;K:\\libs\commons-validator-1.7.jar;K:\\libs\connect-api-3.7.0.jar;K:\\libs\connect-basic-auth-extension-3.7.0.jar;K:\\libs\connect-file-3.7.0.jar;K:\\libs\connect-json-3.7.0.jar;K:\\libs\connect-mirror-3.7.0.jar;K:\\libs\connect-mirror-client-3.7.0.jar;K:\\libs\connect-runtime-3.7.0.jar;K:\\libs\connect-transforms-3.7.0.jar;K:\\libs\error_prone_annotations-2.10.0.jar;K:\\libs\hk2-api-2.6.1.jar;K:\\libs\hk2-locator-2.6.1.jar;K:\\libs\hk2-utils-2.6.1.jar;K:\\libs\jackson-annotations-2.16.0.jar;K:\\libs\jackson-core-2.16.0.jar;K:\\libs\jackson-databind-2.16.0.jar;K:\\libs\jackson-dataformat-csv-2.16.0.jar;K:\\libs\jackson-datatype-jdk8-2.16.0.jar;K:\\libs\jackson-jaxrs-base-2.16.0.jar;K:\\libs\jackson-jaxrs-json-provider-2.16.0.jar;K:\\libs\jackson-module-jaxb-annotations-2.16.0.jar;K:\\libs\jackson-module-scala_2.13-2.16.0.jar;K:\\libs\jakarta.activation-api-1.2.2.jar;K:\\libs\jakarta.annotation-api-1.3.5.jar;K:\\libs\jakarta.inject-2.6.1.jar;K:\\libs\jakarta.validation-api-2.0.2.jar;K:\\libs\jakarta.ws.rs-api-2.1.6.jar;K:\\libs\jakarta.xml.bind-api-2.3.3.jar;K:\\libs\javassist-3.29.2-GA.jar;K:\\libs\javax.activation-api-1.2.0.jar;K:\\libs\javax.annotation-api-1.3.2.jar;K:\\libs\javax.servlet-api-3.1.0.jar;K:\\libs\javax.ws.rs-api-2.1.1.jar;K:\\libs\jaxb-api-2.3.1.jar;K:\\libs\jersey-client-2.39.1.jar;K:\\libs\jersey-common-2.39.1.jar;K:\\libs\jersey-container-servlet-2.39.1.jar;K:\\libs\jersey-container-servlet-core-2.39.1.jar;K:\\libs\jersey-hk2-2.39.1.jar;K:\\libs\jersey-server-2.39.1.jar;K:\\libs\jetty-client-9.4.53.v20231009.jar;K:\\libs\jetty-continuation-9.4.53.v20231009.jar;K:\\libs\jetty-http-9.4.53.v20231009.jar;K:\\libs\jetty-io-9.4.53.v20231009.jar;K:\\libs\jetty-security-9.4.53.v20231009.jar;K:\\libs\jetty-server-9.4.53.v20231009.jar;K:\\libs\jetty-servlet-9.4.53.v20231009.jar;K:\\libs\jetty-servlets-9.4.53.v20231009.jar;K:\\libs\jetty-util-9.4.53.v20231009.jar;K:\\libs\jetty-util-ajax-9.4.53.v20231009.jar;K:\\libs\jline-3.22.0.jar;K:\\libs\jopt-simple-5.0.4.jar;K:\\libs\jose4j-0.9.4.jar;K:\\libs\jsr305-3.0.2.jar;K:\\libs\kafka-clients-3.7.0.jar;K:\\libs\kafka-group-coordinator-3.7.0.jar;K:\\libs\kafka-log4j-appender-3.7.0.jar;K:\\libs\kafka-metadata-3.7.0.jar;K:\\libs\kafka-raft-3.7.0.jar;K:\\libs\kafka-server-3.7.0.jar;K:\\libs\kafka-server-common-3.7.0.jar;K:\\libs\kafka-shell-3.7.0.jar;K:\\libs\kafka-storage-3.7.0.jar;K:\\libs\kafka-storage-api-3.7.0.jar;K:\\libs\kafka-streams-3.7.0.jar;K:\\libs\kafka-streams-examples-3.7.0.jar;K:\\libs\kafka-streams-scala_2.13-3.7.0.jar;K:\\libs\kafka-streams-test-utils-3.7.0.jar;K:\\libs\kafka-tools-3.7.0.jar;K:\\libs\kafka-tools-api-3.7.0.jar;K:\\libs\kafka_2.13-3.7.0.jar;K:\\libs\lz4-java-1.8.0.jar;K:\\libs\maven-artifact-3.8.8.jar;K:\\libs\metrics-core-2.2.0.jar;K:\\libs\metrics-core-4.1.12.1.jar;K:\\libs\netty-buffer-4.1.100.Final.jar;K:\\libs\netty-codec-4.1.100.Final.jar;K:\\libs\netty-common-4.1.100.Final.jar;K:\\libs\netty-handler-4.1.100.Final.jar;K:\\libs\netty-resolver-4.1.100.Final.jar;K:\\libs\netty-transport-4.1.100.Final.jar;K:\\libs\netty-transport-classes-epoll-4.1.100.Final.jar;K:\\libs\netty-transport-native-epoll-4.1.100.Final.jar;K:\\libs\netty-transport-native-unix-common-4.1.100.Final.jar;K:\\libs\opentelemetry-proto-1.0.0-alpha.jar;K:\\libs\osgi-resource-locator-1.0.3.jar;K:\\libs\paranamer-2.8.jar;K:\\libs\pcollections-4.0.1.jar;K:\\libs\plexus-utils-3.3.1.jar;K:\\libs\protobuf-java-3.23.4.jar;K:\\libs\reflections-0.10.2.jar;K:\\libs\reload4j-1.2.25.jar;K:\\libs\rocksdbjni-7.9.2.jar;K:\\libs\scala-collection-compat_2.13-2.10.0.jar;K:\\libs\scala-java8-compat_2.13-1.0.2.jar;K:\\libs\scala-library-2.13.12.jar;K:\\libs\scala-logging_2.13-3.9.4.jar;K:\\libs\scala-reflect-2.13.12.jar;K:\\libs\slf4j-api-1.7.36.jar;K:\\libs\slf4j-reload4j-1.7.36.jar;K:\\libs\snappy-java-1.1.10.5.jar;K:\\libs\swagger-annotations-2.2.8.jar;K:\\libs\trogdor-3.7.0.jar;K:\\libs\zookeeper-3.8.3.jar;K:\\libs\zookeeper-jute-3.8.3.jar;K:\\libs\zstd-jni-1.5.5-6.jar (org.apache.zookeeper.server.ZooKeeperServer)
[2026-03-06 14:42:52,038] INFO Server environment:java.library.path=C:\Program Files\Java\jre1.8.0_481\bin;C:\WINDOWS\Sun\Java\bin;C:\WINDOWS\system32;C:\WINDOWS;C:\Program Files\Java\jre1.8.0_481\bin;C:\Program Files\Google\Chrome\Application;C:\Python313\Scripts\;C:\Python313\;C:\WINDOWS\system32;C:\WINDOWS;C:\WINDOWS\System32\Wbem;C:\WINDOWS\System32\WindowsPowerShell\v1.0\;C:\WINDOWS\System32\OpenSSH\;C:\Program Files\dotnet\;C:\MinGW\bin;C:\Program Files\MySQL\MySQL Server 8.0\bin;C:\Program Files\MongoDB\Server\8.0\bin;C:\Program Files\mongosh-2.3.8-win32-x64\mongosh-2.3.8-win32-x64\bin;C:\Program Files\nodejs\;C:\ProgramData\chocolatey\bin;C:\Program Files\nodejs\node_modules\npm\bin;C:\Users\monis\AppData\Local\Programs\Python\Python312\Scripts\;C:\Users\monis\AppData\Local\Programs\Python\Python312\;C:\Users\monis\AppData\Local\Programs\Python\Launcher\;C:\Users\monis\AppData\Local\Microsoft\WindowsApps;C:\Users\monis\AppData\Local\Programs\Microsoft VS Code\bin;C:\Program Files\mongosh\;C:\Users\monis\AppData\Roaming\npm;C:\Users\monis\AppData\Local\Programs\Git\cmd;. (org.apache.zookeeper.server.ZooKeeperServer)
[2026-03-06 14:42:52,038] INFO Server environment:java.io.tmpdir=C:\Users\monis\AppData\Local\Temp\ (org.apache.zookeeper.server.ZooKeeperServer)
[2026-03-06 14:42:52,038] INFO Server environment:java.compiler=<NA> (org.apache.zookeeper.server.ZooKeeperServer)
[2026-03-06 14:42:52,038] INFO Server environment:os.name=Windows 11 (org.apache.zookeeper.server.ZooKeeperServer)
[2026-03-06 14:42:52,038] INFO Server environment:os.arch=amd64 (org.apache.zookeeper.server.ZooKeeperServer)
[2026-03-06 14:42:52,038] INFO Server environment:os.version=10.0 (org.apache.zookeeper.server.ZooKeeperServer)
[2026-03-06 14:42:52,038] INFO Server environment:user.name=monis (org.apache.zookeeper.server.ZooKeeperServer)
[2026-03-06 14:42:52,038] INFO Server environment:user.home=C:\Users\monis (org.apache.zookeeper.server.ZooKeeperServer)
[2026-03-06 14:42:52,038] INFO Server environment:user.dir=C:\Users\monis\OneDrive\Documents\vs\ecommerce (org.apache.zookeeper.server.ZooKeeperServer)
[2026-03-06 14:42:52,038] INFO Server environment:os.memory.free=491MB (org.apache.zookeeper.server.ZooKeeperServer)
[2026-03-06 14:42:52,038] INFO Server environment:os.memory.max=512MB (org.apache.zookeeper.server.ZooKeeperServer)
[2026-03-06 14:42:52,038] INFO Server environment:os.memory.total=512MB (org.apache.zookeeper.server.ZooKeeperServer)
[2026-03-06 14:42:52,039] INFO zookeeper.enableEagerACLCheck = false (org.apache.zookeeper.server.ZooKeeperServer)
[2026-03-06 14:42:52,039] INFO zookeeper.digest.enabled = true (org.apache.zookeeper.server.ZooKeeperServer)
[2026-03-06 14:42:52,039] INFO zookeeper.closeSessionTxn.enabled = true (org.apache.zookeeper.server.ZooKeeperServer)
[2026-03-06 14:42:52,039] INFO zookeeper.flushDelay = 0 ms (org.apache.zookeeper.server.ZooKeeperServer)
[2026-03-06 14:42:52,039] INFO zookeeper.maxWriteQueuePollTime = 0 ms (org.apache.zookeeper.server.ZooKeeperServer)
[2026-03-06 14:42:52,039] INFO zookeeper.maxBatchSize=1000 (org.apache.zookeeper.server.ZooKeeperServer)
[2026-03-06 14:42:52,039] INFO zookeeper.intBufferStartingSizeBytes = 1024 (org.apache.zookeeper.server.ZooKeeperServer)
[2026-03-06 14:42:52,041] INFO Weighed connection throttling is disabled (org.apache.zookeeper.server.BlueThrottle)
[2026-03-06 14:42:52,044] INFO minSessionTimeout set to 6000 ms (org.apache.zookeeper.server.ZooKeeperServer)
[2026-03-06 14:42:52,044] INFO maxSessionTimeout set to 60000 ms (org.apache.zookeeper.server.ZooKeeperServer)
[2026-03-06 14:42:52,045] INFO getData response cache size is initialized with value 400. (org.apache.zookeeper.server.ResponseCache)
[2026-03-06 14:42:52,045] INFO getChildren response cache size is initialized with value 400. (org.apache.zookeeper.server.ResponseCache)
[2026-03-06 14:42:52,047] INFO zookeeper.pathStats.slotCapacity = 60 (org.apache.zookeeper.server.util.RequestPathMetricsCollector)
[2026-03-06 14:42:52,047] INFO zookeeper.pathStats.slotDuration = 15 (org.apache.zookeeper.server.util.RequestPathMetricsCollector)
[2026-03-06 14:42:52,047] INFO zookeeper.pathStats.maxDepth = 6 (org.apache.zookeeper.server.util.RequestPathMetricsCollector)
[2026-03-06 14:42:52,048] INFO zookeeper.pathStats.initialDelay = 5 (org.apache.zookeeper.server.util.RequestPathMetricsCollector)
[2026-03-06 14:42:52,048] INFO zookeeper.pathStats.delay = 5 (org.apache.zookeeper.server.util.RequestPathMetricsCollector)
[2026-03-06 14:42:52,048] INFO zookeeper.pathStats.enabled = false (org.apache.zookeeper.server.util.RequestPathMetricsCollector)
[2026-03-06 14:42:52,053] INFO The max bytes for all large requests are set to 104857600 (org.apache.zookeeper.server.ZooKeeperServer)
[2026-03-06 14:42:52,053] INFO The large request threshold is set to -1 (org.apache.zookeeper.server.ZooKeeperServer)
[2026-03-06 14:42:52,054] INFO zookeeper.enforce.auth.enabled = false (org.apache.zookeeper.server.AuthenticationHelper)
[2026-03-06 14:42:52,054] INFO zookeeper.enforce.auth.schemes = [] (org.apache.zookeeper.server.AuthenticationHelper)
[2026-03-06 14:42:52,054] INFO Created server with tickTime 3000 ms minSessionTimeout 6000 ms maxSessionTimeout 60000 ms clientPortListenBacklog -1 datadir \tmp\zookeeper\version-2 snapdir \tmp\zookeeper\version-2 (org.apache.zookeeper.server.ZooKeeperServer)
[2026-03-06 14:42:52,069] INFO Using org.apache.zookeeper.server.NIOServerCnxnFactory as server connection factory (org.apache.zookeeper.server.ServerCnxnFactory)
[2026-03-06 14:42:52,072] WARN maxCnxns is not configured, using default value 0. (org.apache.zookeeper.server.ServerCnxnFactory)
[2026-03-06 14:42:52,078] INFO Configuring NIO connection handler with 10s sessionless connection timeout, 1 selector thread(s), 8 worker threads, and 64 kB direct buffers. (org.apache.zookeeper.server.NIOServerCnxnFactory)
[2026-03-06 14:42:55,151] INFO binding to port 0.0.0.0/0.0.0.0:2181 (org.apache.zookeeper.server.NIOServerCnxnFactory)
[2026-03-06 14:42:55,225] INFO Using org.apache.zookeeper.server.watch.WatchManager as watch manager (org.apache.zookeeper.server.watch.WatchManagerFactory)
[2026-03-06 14:42:55,226] INFO Using org.apache.zookeeper.server.watch.WatchManager as watch manager (org.apache.zookeeper.server.watch.WatchManagerFactory)
[2026-03-06 14:42:55,226] INFO zookeeper.snapshotSizeFactor = 0.33 (org.apache.zookeeper.server.ZKDatabase)
[2026-03-06 14:42:55,226] INFO zookeeper.commitLogCount=500 (org.apache.zookeeper.server.ZKDatabase)
[2026-03-06 14:42:55,251] INFO zookeeper.snapshot.compression.method = CHECKED (org.apache.zookeeper.server.persistence.SnapStream)
[2026-03-06 14:42:55,251] INFO Snapshotting: 0x0 to \tmp\zookeeper\version-2\snapshot.0 (org.apache.zookeeper.server.persistence.FileTxnSnapLog)
[2026-03-06 14:42:55,284] INFO Snapshot loaded in 58 ms, highest zxid is 0x0, digest is 1371985504 (org.apache.zookeeper.server.ZKDatabase)
[2026-03-06 14:42:55,297] INFO Snapshotting: 0x0 to \tmp\zookeeper\version-2\snapshot.0 (org.apache.zookeeper.server.persistence.FileTxnSnapLog)
[2026-03-06 14:42:55,303] INFO Snapshot taken in 6 ms (org.apache.zookeeper.server.ZooKeeperServer)
[2026-03-06 14:42:55,328] INFO zookeeper.request_throttler.shutdownTimeout = 10000 ms (org.apache.zookeeper.server.RequestThrottler)
[2026-03-06 14:42:55,328] INFO PrepRequestProcessor (sid:0) started, reconfigEnabled=false (org.apache.zookeeper.server.PrepRequestProcessor)
[2026-03-06 14:42:55,355] INFO Using checkIntervalMs=60000 maxPerMinute=10000 maxNeverUsedIntervalMs=0 (org.apache.zookeeper.server.ContainerManager)
[2026-03-06 14:42:55,357] INFO ZooKeeper audit is disabled. (org.apache.zookeeper.audit.ZKAuditProvider)
[2026-03-06 14:44:17,105] INFO Registered kafka:type=kafka.Log4jController MBean (kafka.utils.Log4jControllerRegistration$)
[2026-03-06 14:44:17,678] INFO Setting -D jdk.tls.rejectClientInitiatedRenegotiation=true to disable client-initiated TLS renegotiation (org.apache.zookeeper.common.X509Util)
[2026-03-06 14:44:17,832] INFO starting (kafka.server.KafkaServer)
[2026-03-06 14:44:17,833] INFO Connecting to zookeeper on localhost:2181 (kafka.server.KafkaServer)
[2026-03-06 14:44:17,864] INFO [ZooKeeperClient Kafka server] Initializing a new session to localhost:2181. (kafka.zookeeper.ZooKeeperClient)
[2026-03-06 14:44:17,872] INFO Client environment:zookeeper.version=3.8.3-6ad6d364c7c0bcf0de452d54ebefa3058098ab56, built on 2023-10-05 10:34 UTC (org.apache.zookeeper.ZooKeeper)
[2026-03-06 14:44:17,872] INFO Client environment:host.name=mon (org.apache.zookeeper.ZooKeeper)
[2026-03-06 14:44:17,872] INFO Client environment:java.version=1.8.0_481 (org.apache.zookeeper.ZooKeeper)
[2026-03-06 14:44:17,873] INFO Client environment:java.vendor=Oracle Corporation (org.apache.zookeeper.ZooKeeper)
[2026-03-06 14:44:17,873] INFO Client environment:java.home=C:\Program Files\Java\jre1.8.0_481 (org.apache.zookeeper.ZooKeeper)
[2026-03-06 14:44:17,873] INFO Client environment:java.class.path=K:\\libs\activation-1.1.1.jar;K:\\libs\aopalliance-repackaged-2.6.1.jar;K:\\libs\argparse4j-0.7.0.jar;K:\\libs\audience-annotations-0.12.0.jar;K:\\libs\caffeine-2.9.3.jar;K:\\libs\checker-qual-3.19.0.jar;K:\\libs\commons-beanutils-1.9.4.jar;K:\\libs\commons-cli-1.4.jar;K:\\libs\commons-collections-3.2.2.jar;K:\\libs\commons-digester-2.1.jar;K:\\libs\commons-io-2.11.0.jar;K:\\libs\commons-lang3-3.8.1.jar;K:\\libs\commons-logging-1.2.jar;K:\\libs\commons-validator-1.7.jar;K:\\libs\connect-api-3.7.0.jar;K:\\libs\connect-basic-auth-extension-3.7.0.jar;K:\\libs\connect-file-3.7.0.jar;K:\\libs\connect-json-3.7.0.jar;K:\\libs\connect-mirror-3.7.0.jar;K:\\libs\connect-mirror-client-3.7.0.jar;K:\\libs\connect-runtime-3.7.0.jar;K:\\libs\connect-transforms-3.7.0.jar;K:\\libs\error_prone_annotations-2.10.0.jar;K:\\libs\hk2-api-2.6.1.jar;K:\\libs\hk2-locator-2.6.1.jar;K:\\libs\hk2-utils-2.6.1.jar;K:\\libs\jackson-annotations-2.16.0.jar;K:\\libs\jackson-core-2.16.0.jar;K:\\libs\jackson-databind-2.16.0.jar;K:\\libs\jackson-dataformat-csv-2.16.0.jar;K:\\libs\jackson-datatype-jdk8-2.16.0.jar;K:\\libs\jackson-jaxrs-base-2.16.0.jar;K:\\libs\jackson-jaxrs-json-provider-2.16.0.jar;K:\\libs\jackson-module-jaxb-annotations-2.16.0.jar;K:\\libs\jackson-module-scala_2.13-2.16.0.jar;K:\\libs\jakarta.activation-api-1.2.2.jar;K:\\libs\jakarta.annotation-api-1.3.5.jar;K:\\libs\jakarta.inject-2.6.1.jar;K:\\libs\jakarta.validation-api-2.0.2.jar;K:\\libs\jakarta.ws.rs-api-2.1.6.jar;K:\\libs\jakarta.xml.bind-api-2.3.3.jar;K:\\libs\javassist-3.29.2-GA.jar;K:\\libs\javax.activation-api-1.2.0.jar;K:\\libs\javax.annotation-api-1.3.2.jar;K:\\libs\javax.servlet-api-3.1.0.jar;K:\\libs\javax.ws.rs-api-2.1.1.jar;K:\\libs\jaxb-api-2.3.1.jar;K:\\libs\jersey-client-2.39.1.jar;K:\\libs\jersey-common-2.39.1.jar;K:\\libs\jersey-container-servlet-2.39.1.jar;K:\\libs\jersey-container-servlet-core-2.39.1.jar;K:\\libs\jersey-hk2-2.39.1.jar;K:\\libs\jersey-server-2.39.1.jar;K:\\libs\jetty-client-9.4.53.v20231009.jar;K:\\libs\jetty-continuation-9.4.53.v20231009.jar;K:\\libs\jetty-http-9.4.53.v20231009.jar;K:\\libs\jetty-io-9.4.53.v20231009.jar;K:\\libs\jetty-security-9.4.53.v20231009.jar;K:\\libs\jetty-server-9.4.53.v20231009.jar;K:\\libs\jetty-servlet-9.4.53.v20231009.jar;K:\\libs\jetty-servlets-9.4.53.v20231009.jar;K:\\libs\jetty-util-9.4.53.v20231009.jar;K:\\libs\jetty-util-ajax-9.4.53.v20231009.jar;K:\\libs\jline-3.22.0.jar;K:\\libs\jopt-simple-5.0.4.jar;K:\\libs\jose4j-0.9.4.jar;K:\\libs\jsr305-3.0.2.jar;K:\\libs\kafka-clients-3.7.0.jar;K:\\libs\kafka-group-coordinator-3.7.0.jar;K:\\libs\kafka-log4j-appender-3.7.0.jar;K:\\libs\kafka-metadata-3.7.0.jar;K:\\libs\kafka-raft-3.7.0.jar;K:\\libs\kafka-server-3.7.0.jar;K:\\libs\kafka-server-common-3.7.0.jar;K:\\libs\kafka-shell-3.7.0.jar;K:\\libs\kafka-storage-3.7.0.jar;K:\\libs\kafka-storage-api-3.7.0.jar;K:\\libs\kafka-streams-3.7.0.jar;K:\\libs\kafka-streams-examples-3.7.0.jar;K:\\libs\kafka-streams-scala_2.13-3.7.0.jar;K:\\libs\kafka-streams-test-utils-3.7.0.jar;K:\\libs\kafka-tools-3.7.0.jar;K:\\libs\kafka-tools-api-3.7.0.jar;K:\\libs\kafka_2.13-3.7.0.jar;K:\\libs\lz4-java-1.8.0.jar;K:\\libs\maven-artifact-3.8.8.jar;K:\\libs\metrics-core-2.2.0.jar;K:\\libs\metrics-core-4.1.12.1.jar;K:\\libs\netty-buffer-4.1.100.Final.jar;K:\\libs\netty-codec-4.1.100.Final.jar;K:\\libs\netty-common-4.1.100.Final.jar;K:\\libs\netty-handler-4.1.100.Final.jar;K:\\libs\netty-resolver-4.1.100.Final.jar;K:\\libs\netty-transport-4.1.100.Final.jar;K:\\libs\netty-transport-classes-epoll-4.1.100.Final.jar;K:\\libs\netty-transport-native-epoll-4.1.100.Final.jar;K:\\libs\netty-transport-native-unix-common-4.1.100.Final.jar;K:\\libs\opentelemetry-proto-1.0.0-alpha.jar;K:\\libs\osgi-resource-locator-1.0.3.jar;K:\\libs\paranamer-2.8.jar;K:\\libs\pcollections-4.0.1.jar;K:\\libs\plexus-utils-3.3.1.jar;K:\\libs\protobuf-java-3.23.4.jar;K:\\libs\reflections-0.10.2.jar;K:\\libs\reload4j-1.2.25.jar;K:\\libs\rocksdbjni-7.9.2.jar;K:\\libs\scala-collection-compat_2.13-2.10.0.jar;K:\\libs\scala-java8-compat_2.13-1.0.2.jar;K:\\libs\scala-library-2.13.12.jar;K:\\libs\scala-logging_2.13-3.9.4.jar;K:\\libs\scala-reflect-2.13.12.jar;K:\\libs\slf4j-api-1.7.36.jar;K:\\libs\slf4j-reload4j-1.7.36.jar;K:\\libs\snappy-java-1.1.10.5.jar;K:\\libs\swagger-annotations-2.2.8.jar;K:\\libs\trogdor-3.7.0.jar;K:\\libs\zookeeper-3.8.3.jar;K:\\libs\zookeeper-jute-3.8.3.jar;K:\\libs\zstd-jni-1.5.5-6.jar (org.apache.zookeeper.ZooKeeper)
[2026-03-06 14:44:17,874] INFO Client environment:java.library.path=C:\Program Files\Java\jre1.8.0_481\bin;C:\WINDOWS\Sun\Java\bin;C:\WINDOWS\system32;C:\WINDOWS;C:\Program Files\Java\jre1.8.0_481\bin;C:\Program Files\Google\Chrome\Application;C:\Python313\Scripts\;C:\Python313\;C:\WINDOWS\system32;C:\WINDOWS;C:\WINDOWS\System32\Wbem;C:\WINDOWS\System32\WindowsPowerShell\v1.0\;C:\WINDOWS\System32\OpenSSH\;C:\Program Files\dotnet\;C:\MinGW\bin;C:\Program Files\MySQL\MySQL Server 8.0\bin;C:\Program Files\MongoDB\Server\8.0\bin;C:\Program Files\mongosh-2.3.8-win32-x64\mongosh-2.3.8-win32-x64\bin;C:\Program Files\nodejs\;C:\ProgramData\chocolatey\bin;C:\Program Files\nodejs\node_modules\npm\bin;C:\Users\monis\AppData\Local\Programs\Python\Python312\Scripts\;C:\Users\monis\AppData\Local\Programs\Python\Python312\;C:\Users\monis\AppData\Local\Programs\Python\Launcher\;C:\Users\monis\AppData\Local\Microsoft\WindowsApps;C:\Users\monis\AppData\Local\Programs\Microsoft VS Code\bin;C:\Program Files\mongosh\;C:\Users\monis\AppData\Roaming\npm;C:\Users\monis\AppData\Local\Programs\Git\cmd;. (org.apache.zookeeper.ZooKeeper)
[2026-03-06 14:44:17,874] INFO Client environment:java.io.tmpdir=C:\Users\monis\AppData\Local\Temp\ (org.apache.zookeeper.ZooKeeper)
[2026-03-06 14:44:17,875] INFO Client environment:java.compiler=<NA> (org.apache.zookeeper.ZooKeeper)
[2026-03-06 14:44:17,875] INFO Client environment:os.name=Windows 11 (org.apache.zookeeper.ZooKeeper)
[2026-03-06 14:44:17,875] INFO Client environment:os.arch=amd64 (org.apache.zookeeper.ZooKeeper)
[2026-03-06 14:44:17,875] INFO Client environment:os.version=10.0 (org.apache.zookeeper.ZooKeeper)
[2026-03-06 14:44:17,875] INFO Client environment:user.name=monis (org.apache.zookeeper.ZooKeeper)
[2026-03-06 14:44:17,875] INFO Client environment:user.home=C:\Users\monis (org.apache.zookeeper.ZooKeeper)
[2026-03-06 14:44:17,875] INFO Client environment:user.dir=C:\Users\monis\OneDrive\Documents\vs\ecommerce (org.apache.zookeeper.ZooKeeper)
[2026-03-06 14:44:17,875] INFO Client environment:os.memory.free=1007MB (org.apache.zookeeper.ZooKeeper)
[2026-03-06 14:44:17,875] INFO Client environment:os.memory.max=1024MB (org.apache.zookeeper.ZooKeeper)
[2026-03-06 14:44:17,875] INFO Client environment:os.memory.total=1024MB (org.apache.zookeeper.ZooKeeper)
[2026-03-06 14:44:17,879] INFO Initiating client connection, connectString=localhost:2181 sessionTimeout=18000 watcher=kafka.zookeeper.ZooKeeperClient$ZooKeeperClientWatcher$@5b367418 (org.apache.zookeeper.ZooKeeper)
[2026-03-06 14:44:17,891] INFO jute.maxbuffer value is 4194304 Bytes (org.apache.zookeeper.ClientCnxnSocket)
[2026-03-06 14:44:17,922] INFO zookeeper.request.timeout value is 0. feature enabled=false (org.apache.zookeeper.ClientCnxn)
[2026-03-06 14:44:17,941] INFO [ZooKeeperClient Kafka server] Waiting until connected. (kafka.zookeeper.ZooKeeperClient)
[2026-03-06 14:44:17,979] INFO Opening socket connection to server localhost/0:0:0:0:0:0:0:1:2181. (org.apache.zookeeper.ClientCnxn)
[2026-03-06 14:44:18,008] INFO Socket connection established, initiating session, client: /0:0:0:0:0:0:0:1:62927, server: localhost/0:0:0:0:0:0:0:1:2181 (org.apache.zookeeper.ClientCnxn)
[2026-03-06 14:44:18,138] INFO Creating new log file: log.1 (org.apache.zookeeper.server.persistence.FileTxnLog)
[2026-03-06 14:44:18,253] INFO Session establishment complete on server localhost/0:0:0:0:0:0:0:1:2181, session id = 0x1005bc53a960000, negotiated timeout = 18000 (org.apache.zookeeper.ClientCnxn)
[2026-03-06 14:44:18,259] INFO [ZooKeeperClient Kafka server] Connected. (kafka.zookeeper.ZooKeeperClient)
[2026-03-06 14:44:19,021] INFO Cluster ID = 92tADX0KSVuzqhXtcYnjRQ (kafka.server.KafkaServer)
[2026-03-06 14:44:19,268] INFO KafkaConfig values: 
	advertised.listeners = null
	alter.config.policy.class.name = null
	alter.log.dirs.replication.quota.window.num = 11
	alter.log.dirs.replication.quota.window.size.seconds = 1
	authorizer.class.name = 
	auto.create.topics.enable = true
	auto.include.jmx.reporter = true
	auto.leader.rebalance.enable = true
	background.threads = 10
	broker.heartbeat.interval.ms = 2000
	broker.id = 0
	broker.id.generation.enable = true
	broker.rack = null
	broker.session.timeout.ms = 9000
	client.quota.callback.class = null
	compression.type = producer
	connection.failed.authentication.delay.ms = 100
	connections.max.idle.ms = 600000
	connections.max.reauth.ms = 0
	control.plane.listener.name = null
	controlled.shutdown.enable = true
	controlled.shutdown.max.retries = 3
	controlled.shutdown.retry.backoff.ms = 5000
	controller.listener.names = null
	controller.quorum.append.linger.ms = 25
	controller.quorum.election.backoff.max.ms = 1000
	controller.quorum.election.timeout.ms = 1000
	controller.quorum.fetch.timeout.ms = 2000
	controller.quorum.request.timeout.ms = 2000
	controller.quorum.retry.backoff.ms = 20
	controller.quorum.voters = []
	controller.quota.window.num = 11
	controller.quota.window.size.seconds = 1
	controller.socket.timeout.ms = 30000
	create.topic.policy.class.name = null
	default.replication.factor = 1
	delegation.token.expiry.check.interval.ms = 3600000
	delegation.token.expiry.time.ms = 86400000
	delegation.token.master.key = null
	delegation.token.max.lifetime.ms = 604800000
	delegation.token.secret.key = null
	delete.records.purgatory.purge.interval.requests = 1
	delete.topic.enable = true
	early.start.listeners = null
	eligible.leader.replicas.enable = false
	fetch.max.bytes = 57671680
	fetch.purgatory.purge.interval.requests = 1000
	group.consumer.assignors = [org.apache.kafka.coordinator.group.assignor.UniformAssignor, org.apache.kafka.coordinator.group.assignor.RangeAssignor]
	group.consumer.heartbeat.interval.ms = 5000
	group.consumer.max.heartbeat.interval.ms = 15000
	group.consumer.max.session.timeout.ms = 60000
	group.consumer.max.size = 2147483647
	group.consumer.min.heartbeat.interval.ms = 5000
	group.consumer.min.session.timeout.ms = 45000
	group.consumer.session.timeout.ms = 45000
	group.coordinator.new.enable = false
	group.coordinator.rebalance.protocols = [classic]
	group.coordinator.threads = 1
	group.initial.rebalance.delay.ms = 0
	group.max.session.timeout.ms = 1800000
	group.max.size = 2147483647
	group.min.session.timeout.ms = 6000
	initial.broker.registration.timeout.ms = 60000
	inter.broker.listener.name = null
	inter.broker.protocol.version = 3.7-IV4
	kafka.metrics.polling.interval.secs = 10
	kafka.metrics.reporters = []
	leader.imbalance.check.interval.seconds = 300
	leader.imbalance.per.broker.percentage = 10
	listener.security.protocol.map = PLAINTEXT:PLAINTEXT,SSL:SSL,SASL_PLAINTEXT:SASL_PLAINTEXT,SASL_SSL:SASL_SSL
	listeners = PLAINTEXT://:9092
	log.cleaner.backoff.ms = 15000
	log.cleaner.dedupe.buffer.size = 134217728
	log.cleaner.delete.retention.ms = 86400000
	log.cleaner.enable = true
	log.cleaner.io.buffer.load.factor = 0.9
	log.cleaner.io.buffer.size = 524288
	log.cleaner.io.max.bytes.per.second = 1.7976931348623157E308
	log.cleaner.max.compaction.lag.ms = 9223372036854775807
	log.cleaner.min.cleanable.ratio = 0.5
	log.cleaner.min.compaction.lag.ms = 0
	log.cleaner.threads = 1
	log.cleanup.policy = [delete]
	log.dir = /tmp/kafka-logs
	log.dirs = /tmp/kafka-logs
	log.flush.interval.messages = 9223372036854775807
	log.flush.interval.ms = null
	log.flush.offset.checkpoint.interval.ms = 60000
	log.flush.scheduler.interval.ms = 9223372036854775807
	log.flush.start.offset.checkpoint.interval.ms = 60000
	log.index.interval.bytes = 4096
	log.index.size.max.bytes = 10485760
	log.local.retention.bytes = -2
	log.local.retention.ms = -2
	log.message.downconversion.enable = true
	log.message.format.version = 3.0-IV1
	log.message.timestamp.after.max.ms = 9223372036854775807
	log.message.timestamp.before.max.ms = 9223372036854775807
	log.message.timestamp.difference.max.ms = 9223372036854775807
	log.message.timestamp.type = CreateTime
	log.preallocate = false
	log.retention.bytes = -1
	log.retention.check.interval.ms = 300000
	log.retention.hours = 168
	log.retention.minutes = null
	log.retention.ms = null
	log.roll.hours = 168
	log.roll.jitter.hours = 0
	log.roll.jitter.ms = null
	log.roll.ms = null
	log.segment.bytes = 1073741824
	log.segment.delete.delay.ms = 60000
	max.connection.creation.rate = 2147483647
	max.connections = 2147483647
	max.connections.per.ip = 2147483647
	max.connections.per.ip.overrides = 
	max.incremental.fetch.session.cache.slots = 1000
	message.max.bytes = 1048588
	metadata.log.dir = null
	metadata.log.max.record.bytes.between.snapshots = 20971520
	metadata.log.max.snapshot.interval.ms = 3600000
	metadata.log.segment.bytes = 1073741824
	metadata.log.segment.min.bytes = 8388608
	metadata.log.segment.ms = 604800000
	metadata.max.idle.interval.ms = 500
	metadata.max.retention.bytes = 104857600
	metadata.max.retention.ms = 604800000
	metric.reporters = []
	metrics.num.samples = 2
	metrics.recording.level = INFO
	metrics.sample.window.ms = 30000
	min.insync.replicas = 1
	node.id = 0
	num.io.threads = 8
	num.network.threads = 3
	num.partitions = 1
	num.recovery.threads.per.data.dir = 1
	num.replica.alter.log.dirs.threads = null
	num.replica.fetchers = 1
	offset.metadata.max.bytes = 4096
	offsets.commit.required.acks = -1
	offsets.commit.timeout.ms = 5000
	offsets.load.buffer.size = 5242880
	offsets.retention.check.interval.ms = 600000
	offsets.retention.minutes = 10080
	offsets.topic.compression.codec = 0
	offsets.topic.num.partitions = 50
	offsets.topic.replication.factor = 1
	offsets.topic.segment.bytes = 104857600
	password.encoder.cipher.algorithm = AES/CBC/PKCS5Padding
	password.encoder.iterations = 4096
	password.encoder.key.length = 128
	password.encoder.keyfactory.algorithm = null
	password.encoder.old.secret = null
	password.encoder.secret = null
	principal.builder.class = class org.apache.kafka.common.security.authenticator.DefaultKafkaPrincipalBuilder
	process.roles = []
	producer.id.expiration.check.interval.ms = 600000
	producer.id.expiration.ms = 86400000
	producer.purgatory.purge.interval.requests = 1000
	queued.max.request.bytes = -1
	queued.max.requests = 500
	quota.window.num = 11
	quota.window.size.seconds = 1
	remote.log.index.file.cache.total.size.bytes = 1073741824
	remote.log.manager.task.interval.ms = 30000
	remote.log.manager.task.retry.backoff.max.ms = 30000
	remote.log.manager.task.retry.backoff.ms = 500
	remote.log.manager.task.retry.jitter = 0.2
	remote.log.manager.thread.pool.size = 10
	remote.log.metadata.custom.metadata.max.bytes = 128
	remote.log.metadata.manager.class.name = org.apache.kafka.server.log.remote.metadata.storage.TopicBasedRemoteLogMetadataManager
	remote.log.metadata.manager.class.path = null
	remote.log.metadata.manager.impl.prefix = rlmm.config.
	remote.log.metadata.manager.listener.name = null
	remote.log.reader.max.pending.tasks = 100
	remote.log.reader.threads = 10
	remote.log.storage.manager.class.name = null
	remote.log.storage.manager.class.path = null
	remote.log.storage.manager.impl.prefix = rsm.config.
	remote.log.storage.system.enable = false
	replica.fetch.backoff.ms = 1000
	replica.fetch.max.bytes = 1048576
	replica.fetch.min.bytes = 1
	replica.fetch.response.max.bytes = 10485760
	replica.fetch.wait.max.ms = 500
	replica.high.watermark.checkpoint.interval.ms = 5000
	replica.lag.time.max.ms = 30000
	replica.selector.class = null
	replica.socket.receive.buffer.bytes = 65536
	replica.socket.timeout.ms = 30000
	replication.quota.window.num = 11
	replication.quota.window.size.seconds = 1
	request.timeout.ms = 30000
	reserved.broker.max.id = 1000
	sasl.client.callback.handler.class = null
	sasl.enabled.mechanisms = [GSSAPI]
	sasl.jaas.config = null
	sasl.kerberos.kinit.cmd = /usr/bin/kinit
	sasl.kerberos.min.time.before.relogin = 60000
	sasl.kerberos.principal.to.local.rules = [DEFAULT]
	sasl.kerberos.service.name = null
	sasl.kerberos.ticket.renew.jitter = 0.05
	sasl.kerberos.ticket.renew.window.factor = 0.8
	sasl.login.callback.handler.class = null
	sasl.login.class = null
	sasl.login.connect.timeout.ms = null
	sasl.login.read.timeout.ms = null
	sasl.login.refresh.buffer.seconds = 300
	sasl.login.refresh.min.period.seconds = 60
	sasl.login.refresh.window.factor = 0.8
	sasl.login.refresh.window.jitter = 0.05
	sasl.login.retry.backoff.max.ms = 10000
	sasl.login.retry.backoff.ms = 100
	sasl.mechanism.controller.protocol = GSSAPI
	sasl.mechanism.inter.broker.protocol = GSSAPI
	sasl.oauthbearer.clock.skew.seconds = 30
	sasl.oauthbearer.expected.audience = null
	sasl.oauthbearer.expected.issuer = null
	sasl.oauthbearer.jwks.endpoint.refresh.ms = 3600000
	sasl.oauthbearer.jwks.endpoint.retry.backoff.max.ms = 10000
	sasl.oauthbearer.jwks.endpoint.retry.backoff.ms = 100
	sasl.oauthbearer.jwks.endpoint.url = null
	sasl.oauthbearer.scope.claim.name = scope
	sasl.oauthbearer.sub.claim.name = sub
	sasl.oauthbearer.token.endpoint.url = null
	sasl.server.callback.handler.class = null
	sasl.server.max.receive.size = 524288
	security.inter.broker.protocol = PLAINTEXT
	security.providers = null
	server.max.startup.time.ms = 9223372036854775807
	socket.connection.setup.timeout.max.ms = 30000
	socket.connection.setup.timeout.ms = 10000
	socket.listen.backlog.size = 50
	socket.receive.buffer.bytes = 102400
	socket.request.max.bytes = 104857600
	socket.send.buffer.bytes = 102400
	ssl.allow.dn.changes = false
	ssl.allow.san.changes = false
	ssl.cipher.suites = []
	ssl.client.auth = none
	ssl.enabled.protocols = [TLSv1.2]
	ssl.endpoint.identification.algorithm = https
	ssl.engine.factory.class = null
	ssl.key.password = null
	ssl.keymanager.algorithm = SunX509
	ssl.keystore.certificate.chain = null
	ssl.keystore.key = null
	ssl.keystore.location = null
	ssl.keystore.password = null
	ssl.keystore.type = JKS
	ssl.principal.mapping.rules = DEFAULT
	ssl.protocol = TLSv1.2
	ssl.provider = null
	ssl.secure.random.implementation = null
	ssl.trustmanager.algorithm = PKIX
	ssl.truststore.certificates = null
	ssl.truststore.location = null
	ssl.truststore.password = null
	ssl.truststore.type = JKS
	telemetry.max.bytes = 1048576
	transaction.abort.timed.out.transaction.cleanup.interval.ms = 10000
	transaction.max.timeout.ms = 900000
	transaction.partition.verification.enable = true
	transaction.remove.expired.transaction.cleanup.interval.ms = 3600000
	transaction.state.log.load.buffer.size = 5242880
	transaction.state.log.min.isr = 1
	transaction.state.log.num.partitions = 50
	transaction.state.log.replication.factor = 1
	transaction.state.log.segment.bytes = 104857600
	transactional.id.expiration.ms = 604800000
	unclean.leader.election.enable = false
	unstable.api.versions.enable = false
	unstable.metadata.versions.enable = false
	zookeeper.clientCnxnSocket = null
	zookeeper.connect = localhost:2181
	zookeeper.connection.timeout.ms = 18000
	zookeeper.max.in.flight.requests = 10
	zookeeper.metadata.migration.enable = false
	zookeeper.metadata.migration.min.batch.size = 200
	zookeeper.session.timeout.ms = 18000
	zookeeper.set.acl = false
	zookeeper.ssl.cipher.suites = null
	zookeeper.ssl.client.enable = false
	zookeeper.ssl.crl.enable = false
	zookeeper.ssl.enabled.protocols = null
	zookeeper.ssl.endpoint.identification.algorithm = HTTPS
	zookeeper.ssl.keystore.location = null
	zookeeper.ssl.keystore.password = null
	zookeeper.ssl.keystore.type = null
	zookeeper.ssl.ocsp.enable = false
	zookeeper.ssl.protocol = TLSv1.2
	zookeeper.ssl.truststore.location = null
	zookeeper.ssl.truststore.password = null
	zookeeper.ssl.truststore.type = null
 (kafka.server.KafkaConfig)
[2026-03-06 14:44:19,372] INFO [ThrottledChannelReaper-Fetch]: Starting (kafka.server.ClientQuotaManager$ThrottledChannelReaper)
[2026-03-06 14:44:19,372] INFO [ThrottledChannelReaper-Produce]: Starting (kafka.server.ClientQuotaManager$ThrottledChannelReaper)
[2026-03-06 14:44:19,373] INFO [ThrottledChannelReaper-Request]: Starting (kafka.server.ClientQuotaManager$ThrottledChannelReaper)
[2026-03-06 14:44:19,378] INFO [ThrottledChannelReaper-ControllerMutation]: Starting (kafka.server.ClientQuotaManager$ThrottledChannelReaper)
[2026-03-06 14:44:19,387] INFO [KafkaServer id=0] Rewriting /tmp/kafka-logs\meta.properties (kafka.server.KafkaServer)
[2026-03-06 14:44:19,463] INFO Loading logs from log dirs ArraySeq(C:\tmp\kafka-logs) (kafka.log.LogManager)
[2026-03-06 14:44:19,470] INFO No logs found to be loaded in C:\tmp\kafka-logs (kafka.log.LogManager)
[2026-03-06 14:44:19,483] INFO Loaded 0 logs in 20ms (kafka.log.LogManager)
[2026-03-06 14:44:19,486] INFO Starting log cleanup with a period of 300000 ms. (kafka.log.LogManager)
[2026-03-06 14:44:19,488] INFO Starting log flusher with a default period of 9223372036854775807 ms. (kafka.log.LogManager)
[2026-03-06 14:44:19,591] INFO [kafka-log-cleaner-thread-0]: Starting (kafka.log.LogCleaner$CleanerThread)
[2026-03-06 14:44:19,618] INFO [feature-zk-node-event-process-thread]: Starting (kafka.server.FinalizedFeatureChangeListener$ChangeNotificationProcessorThread)
[2026-03-06 14:44:19,633] INFO Feature ZK node at path: /feature does not exist (kafka.server.FinalizedFeatureChangeListener)
[2026-03-06 14:44:19,680] INFO [zk-broker-0-to-controller-forwarding-channel-manager]: Starting (kafka.server.NodeToControllerRequestThread)
[2026-03-06 14:44:20,343] INFO Updated connection-accept-rate max connection creation rate to 2147483647 (kafka.network.ConnectionQuotas)
[2026-03-06 14:44:20,390] INFO [SocketServer listenerType=ZK_BROKER, nodeId=0] Created data-plane acceptor and processors for endpoint : ListenerName(PLAINTEXT) (kafka.network.SocketServer)
[2026-03-06 14:44:20,733] INFO [zk-broker-0-to-controller-alter-partition-channel-manager]: Starting (kafka.server.NodeToControllerRequestThread)
[2026-03-06 14:44:20,856] INFO [ExpirationReaper-0-Fetch]: Starting (kafka.server.DelayedOperationPurgatory$ExpiredOperationReaper)
[2026-03-06 14:44:20,856] INFO [ExpirationReaper-0-Produce]: Starting (kafka.server.DelayedOperationPurgatory$ExpiredOperationReaper)
[2026-03-06 14:44:20,861] INFO [ExpirationReaper-0-DeleteRecords]: Starting (kafka.server.DelayedOperationPurgatory$ExpiredOperationReaper)
[2026-03-06 14:44:20,862] INFO [ExpirationReaper-0-ElectLeader]: Starting (kafka.server.DelayedOperationPurgatory$ExpiredOperationReaper)
[2026-03-06 14:44:20,863] INFO [ExpirationReaper-0-RemoteFetch]: Starting (kafka.server.DelayedOperationPurgatory$ExpiredOperationReaper)
[2026-03-06 14:44:20,892] INFO [LogDirFailureHandler]: Starting (kafka.server.ReplicaManager$LogDirFailureHandler)
[2026-03-06 14:44:20,895] INFO [AddPartitionsToTxnSenderThread-0]: Starting (kafka.server.AddPartitionsToTxnManager)
[2026-03-06 14:44:20,954] INFO Creating /brokers/ids/0 (is it secure? false) (kafka.zk.KafkaZkClient)
[2026-03-06 14:44:21,014] INFO Stat of the created znode at /brokers/ids/0 is: 25,25,1772788460992,1772788460992,1,0,0,72158496687521792,190,0,25
 (kafka.zk.KafkaZkClient)
[2026-03-06 14:44:21,016] INFO Registered broker 0 at path /brokers/ids/0 with addresses: PLAINTEXT://mon:9092, czxid (broker epoch): 25 (kafka.zk.KafkaZkClient)
[2026-03-06 14:44:21,126] INFO [ExpirationReaper-0-topic]: Starting (kafka.server.DelayedOperationPurgatory$ExpiredOperationReaper)
[2026-03-06 14:44:21,129] INFO Successfully created /controller_epoch with initial epoch 0 (kafka.zk.KafkaZkClient)
[2026-03-06 14:44:21,155] INFO [ExpirationReaper-0-Heartbeat]: Starting (kafka.server.DelayedOperationPurgatory$ExpiredOperationReaper)
[2026-03-06 14:44:21,225] INFO [ExpirationReaper-0-Rebalance]: Starting (kafka.server.DelayedOperationPurgatory$ExpiredOperationReaper)
[2026-03-06 14:44:21,226] INFO [GroupCoordinator 0]: Starting up. (kafka.coordinator.group.GroupCoordinator)
[2026-03-06 14:44:21,230] INFO Feature ZK node created at path: /feature (kafka.server.FinalizedFeatureChangeListener)
[2026-03-06 14:44:21,254] INFO [GroupCoordinator 0]: Startup complete. (kafka.coordinator.group.GroupCoordinator)
[2026-03-06 14:44:21,319] INFO [TransactionCoordinator id=0] Starting up. (kafka.coordinator.transaction.TransactionCoordinator)
[2026-03-06 14:44:21,369] INFO [MetadataCache brokerId=0] Updated cache from existing None to latest Features(version=3.7-IV4, finalizedFeatures={}, finalizedFeaturesEpoch=0). (kafka.server.metadata.ZkMetadataCache)
[2026-03-06 14:44:21,468] INFO [TransactionCoordinator id=0] Startup complete. (kafka.coordinator.transaction.TransactionCoordinator)
[2026-03-06 14:44:21,601] INFO [TxnMarkerSenderThread-0]: Starting (kafka.coordinator.transaction.TransactionMarkerChannelManager)
[2026-03-06 14:44:21,658] INFO [ExpirationReaper-0-AlterAcls]: Starting (kafka.server.DelayedOperationPurgatory$ExpiredOperationReaper)
[2026-03-06 14:44:21,905] INFO [SocketServer listenerType=ZK_BROKER, nodeId=0] Enabling request processing. (kafka.network.SocketServer)
[2026-03-06 14:44:21,913] INFO Awaiting socket connections on 0.0.0.0:9092. (kafka.network.DataPlaneAcceptor)
[2026-03-06 14:44:21,937] INFO [/config/changes-event-process-thread]: Starting (kafka.common.ZkNodeChangeNotificationListener$ChangeEventProcessThread)
[2026-03-06 14:44:21,971] INFO Kafka version: 3.7.0 (org.apache.kafka.common.utils.AppInfoParser)
[2026-03-06 14:44:21,971] INFO Kafka commitId: 2ae524ed625438c5 (org.apache.kafka.common.utils.AppInfoParser)
[2026-03-06 14:44:21,971] INFO Kafka startTimeMs: 1772788461959 (org.apache.kafka.common.utils.AppInfoParser)
[2026-03-06 14:44:21,980] INFO [KafkaServer id=0] started (kafka.server.KafkaServer)
[2026-03-06 14:44:22,412] INFO [zk-broker-0-to-controller-forwarding-channel-manager]: Recorded new controller, from now on will use node mon:9092 (id: 0 rack: null) (kafka.server.NodeToControllerRequestThread)
[2026-03-06 14:44:22,412] INFO [zk-broker-0-to-controller-alter-partition-channel-manager]: Recorded new controller, from now on will use node mon:9092 (id: 0 rack: null) (kafka.server.NodeToControllerRequestThread)
[2026-03-06 14:44:56,072] INFO Creating topic ecommerce_orders with configuration {} and initial partition assignment HashMap(0 -> ArrayBuffer(0)) (kafka.zk.AdminZkClient)
[2026-03-06 14:44:56,225] INFO [ReplicaFetcherManager on broker 0] Removed fetcher for partitions Set(ecommerce_orders-0) (kafka.server.ReplicaFetcherManager)
[2026-03-06 14:44:56,353] INFO [LogLoader partition=ecommerce_orders-0, dir=C:\tmp\kafka-logs] Loading producer state till offset 0 with message format version 2 (kafka.log.UnifiedLog$)
[2026-03-06 14:44:56,368] INFO Created log for partition ecommerce_orders-0 in C:\tmp\kafka-logs\ecommerce_orders-0 with properties {} (kafka.log.LogManager)
[2026-03-06 14:44:56,371] INFO [Partition ecommerce_orders-0 broker=0] No checkpointed highwatermark is found for partition ecommerce_orders-0 (kafka.cluster.Partition)
[2026-03-06 14:44:56,374] INFO [Partition ecommerce_orders-0 broker=0] Log loaded for partition ecommerce_orders-0 with initial high watermark 0 (kafka.cluster.Partition)
